<?xml version="1.0" encoding="UTF-8"?>
<testsuite name="VowelReplacerTest" tests="2" skipped="0" failures="0" errors="0" timestamp="2015-08-14T18:16:41" hostname="Morgaface.local" time="0.006">
  <properties/>
  <testcase name="vowelReplacer_replacesVowelsWithDashes_correctString" classname="VowelReplacerTest" time="0.002"/>
  <testcase name="vowelReplacer_replacesCapitalizedVowels_correctstring" classname="VowelReplacerTest" time="0.003"/>
  <system-out><![CDATA[]]></system-out>
  <system-err><![CDATA[]]></system-err>
</testsuite>
